<?xml version="1.0" encoding="UTF-8"?>
<!-- Generated by org.testng.reporters.JUnitXMLReporter -->
<testsuite ignored="0" hostname="DESKTOP-SEKDPB4" failures="1" tests="9" name="ChromeTest" time="31.775" errors="0" timestamp="2023-02-09T19:28:02 IST">
  <testcase classname="testNGTest.FacebookTest_2" name="veirifyCookiesPolicies" time="6.116"/>
  <testcase classname="testNGTest.FacebookTest_3" name="veirifyCookiesPolicies" time="6.204">
    <failure type="java.lang.AssertionError" message="null">
      <![CDATA[java.lang.AssertionError: null
at testNGTest.FacebookTest_3.veirifyCookiesPolicies(FacebookTest_3.java:107)
at java.base/java.util.concurrent.ThreadPoolExecutor.runWorker(ThreadPoolExecutor.java:1136)
at java.base/java.util.concurrent.ThreadPoolExecutor$Worker.run(ThreadPoolExecutor.java:635)
at java.base/java.lang.Thread.run(Thread.java:833)
... Removed 12 stack frames]]>
    </failure>
  </testcase> <!-- veirifyCookiesPolicies -->
  <testcase classname="testNGTest.FacebookTest1" name="veirifyCookiesPolicies" time="6.338"/>
  <testcase classname="testNGTest.FacebookTest_3" name="verifyTesrmLink" time="7.483"/>
  <testcase classname="testNGTest.FacebookTest_3" name="veirifyPrivacyPlicies" time="0.001">
    <skipped/>
  </testcase> <!-- veirifyPrivacyPlicies -->
  <testcase classname="testNGTest.FacebookTest_2" name="veirifyPrivacyPlicies" time="9.715"/>
  <testcase classname="testNGTest.FacebookTest1" name="veirifyPrivacyPlicies" time="9.54"/>
  <testcase classname="testNGTest.FacebookTest_2" name="verifyTesrmLink" time="2.544"/>
  <testcase classname="testNGTest.FacebookTest1" name="verifyTesrmLink" time="6.341"/>
</testsuite> <!-- ChromeTest -->
