<html>
<head>
<title>TestNG:  ChromeTest</title>
<link href="../testng.css" rel="stylesheet" type="text/css" />
<link href="../my-testng.css" rel="stylesheet" type="text/css" />

<style type="text/css">
.log { display: none;} 
.stack-trace { display: none;} 
</style>
<script type="text/javascript">
<!--
function flip(e) {
  current = e.style.display;
  if (current == 'block') {
    e.style.display = 'none';
    return 0;
  }
  else {
    e.style.display = 'block';
    return 1;
  }
}

function toggleBox(szDivId, elem, msg1, msg2)
{
  var res = -1;  if (document.getElementById) {
    res = flip(document.getElementById(szDivId));
  }
  else if (document.all) {
    // this is the way old msie versions work
    res = flip(document.all[szDivId]);
  }
  if(elem) {
    if(res == 0) elem.innerHTML = msg1; else elem.innerHTML = msg2;
  }

}

function toggleAllBoxes() {
  if (document.getElementsByTagName) {
    d = document.getElementsByTagName('div');
    for (i = 0; i < d.length; i++) {
      if (d[i].className == 'log') {
        flip(d[i]);
      }
    }
  }
}

// -->
</script>

</head>
<body>
<h2 align='center'>ChromeTest</h2><table border='1' align="center">
<tr>
<td>Tests passed/Failed/Skipped:</td><td>7/1/1</td>
</tr><tr>
<td>Started on:</td><td>Thu Feb 09 19:27:30 IST 2023</td>
</tr>
<tr><td>Total time:</td><td>31 seconds (31775 ms)</td>
</tr><tr>
<td>Included groups:</td><td></td>
</tr><tr>
<td>Excluded groups:</td><td></td>
</tr>
</table><p/>
<small><i>(Hover the method name to see the test class name)</i></small><p/>
<table width='100%' border='1' class='invocation-failed'>
<tr><td colspan='4' align='center'><b>FAILED TESTS</b></td></tr>
<tr><td><b>Test method</b></td>
<td width="30%"><b>Exception</b></td>
<td width="10%"><b>Time (seconds)</b></td>
<td><b>Instance</b></td>
</tr>
<tr>
<td title='testNGTest.FacebookTest_3.veirifyCookiesPolicies()'><b>veirifyCookiesPolicies</b><br>Test class: testNGTest.FacebookTest_3</td>
<td><div><pre>java.lang.AssertionError: null
	at testNGTest.FacebookTest_3.veirifyCookiesPolicies(FacebookTest_3.java:107)
	at java.base/java.util.concurrent.ThreadPoolExecutor.runWorker(ThreadPoolExecutor.java:1136)
	at java.base/java.util.concurrent.ThreadPoolExecutor$Worker.run(ThreadPoolExecutor.java:635)
	at java.base/java.lang.Thread.run(Thread.java:833)
... Removed 12 stack frames</pre></div><a href='#' onClick='toggleBox("stack-trace682262136", this, "Click to show all stack frames", "Click to hide stack frames")'>Click to show all stack frames</a>
<div class='stack-trace' id='stack-trace682262136'><pre>java.lang.AssertionError: null
	at org.testng.Assert.fail(Assert.java:99)
	at org.testng.Assert.fail(Assert.java:106)
	at testNGTest.FacebookTest_3.veirifyCookiesPolicies(FacebookTest_3.java:107)
	at java.base/jdk.internal.reflect.DirectMethodHandleAccessor.invoke(DirectMethodHandleAccessor.java:104)
	at java.base/java.lang.reflect.Method.invoke(Method.java:577)
	at org.testng.internal.MethodInvocationHelper.invokeMethod(MethodInvocationHelper.java:133)
	at org.testng.internal.TestInvoker.invokeMethod(TestInvoker.java:598)
	at org.testng.internal.TestInvoker.invokeTestMethod(TestInvoker.java:173)
	at org.testng.internal.MethodRunner.runInSequence(MethodRunner.java:46)
	at org.testng.internal.TestInvoker$MethodInvocationAgent.invoke(TestInvoker.java:824)
	at org.testng.internal.TestInvoker.invokeTestMethods(TestInvoker.java:146)
	at org.testng.internal.TestMethodWorker.invokeTestMethods(TestMethodWorker.java:146)
	at org.testng.internal.TestMethodWorker.run(TestMethodWorker.java:128)
	at java.base/java.util.concurrent.ThreadPoolExecutor.runWorker(ThreadPoolExecutor.java:1136)
	at java.base/java.util.concurrent.ThreadPoolExecutor$Worker.run(ThreadPoolExecutor.java:635)
	at java.base/java.lang.Thread.run(Thread.java:833)
</pre></div></td>
<td>6</td>
<td>testNGTest.FacebookTest_3@1700915</td></tr>
</table><p>
<table width='100%' border='1' class='invocation-passed'>
<tr><td colspan='4' align='center'><b>PASSED TESTS</b></td></tr>
<tr><td><b>Test method</b></td>
<td width="30%"><b>Exception</b></td>
<td width="10%"><b>Time (seconds)</b></td>
<td><b>Instance</b></td>
</tr>
<tr>
<td title='testNGTest.FacebookTest1.veirifyCookiesPolicies()'><b>veirifyCookiesPolicies</b><br>Test class: testNGTest.FacebookTest1</td>
<td></td>
<td>6</td>
<td>testNGTest.FacebookTest1@9353778</td></tr>
<tr>
<td title='testNGTest.FacebookTest1.verifyTesrmLink()'><b>verifyTesrmLink</b><br>Test class: testNGTest.FacebookTest1</td>
<td></td>
<td>6</td>
<td>testNGTest.FacebookTest1@9353778</td></tr>
<tr>
<td title='testNGTest.FacebookTest_2.veirifyPrivacyPlicies()'><b>veirifyPrivacyPlicies</b><br>Test class: testNGTest.FacebookTest_2</td>
<td></td>
<td>9</td>
<td>testNGTest.FacebookTest_2@a9cd3b1</td></tr>
<tr>
<td title='testNGTest.FacebookTest_2.veirifyCookiesPolicies()'><b>veirifyCookiesPolicies</b><br>Test class: testNGTest.FacebookTest_2</td>
<td></td>
<td>6</td>
<td>testNGTest.FacebookTest_2@a9cd3b1</td></tr>
<tr>
<td title='testNGTest.FacebookTest_2.verifyTesrmLink()'><b>verifyTesrmLink</b><br>Test class: testNGTest.FacebookTest_2</td>
<td></td>
<td>2</td>
<td>testNGTest.FacebookTest_2@a9cd3b1</td></tr>
<tr>
<td title='testNGTest.FacebookTest1.veirifyPrivacyPlicies()'><b>veirifyPrivacyPlicies</b><br>Test class: testNGTest.FacebookTest1</td>
<td></td>
<td>9</td>
<td>testNGTest.FacebookTest1@9353778</td></tr>
<tr>
<td title='testNGTest.FacebookTest_3.verifyTesrmLink()'><b>verifyTesrmLink</b><br>Test class: testNGTest.FacebookTest_3</td>
<td></td>
<td>7</td>
<td>testNGTest.FacebookTest_3@1700915</td></tr>
</table><p>
<table width='100%' border='1' class='invocation-skipped'>
<tr><td colspan='4' align='center'><b>SKIPPED TESTS</b></td></tr>
<tr><td><b>Test method</b></td>
<td width="30%"><b>Exception</b></td>
<td width="10%"><b>Time (seconds)</b></td>
<td><b>Instance</b></td>
</tr>
<tr>
<td title='testNGTest.FacebookTest_3.veirifyPrivacyPlicies()'><b>veirifyPrivacyPlicies</b><br>Test class: testNGTest.FacebookTest_3</td>
<td><div><pre>java.lang.Throwable: Method FacebookTest_3.veirifyPrivacyPlicies()[pri:0, instance:testNGTest.FacebookTest_3@1700915] depends on not successfully finished methods
	at java.base/java.util.concurrent.ThreadPoolExecutor.runWorker(ThreadPoolExecutor.java:1136)
	at java.base/java.util.concurrent.ThreadPoolExecutor$Worker.run(ThreadPoolExecutor.java:635)
	at java.base/java.lang.Thread.run(Thread.java:833)
... Removed 3 stack frames</pre></div><a href='#' onClick='toggleBox("stack-trace1497087391", this, "Click to show all stack frames", "Click to hide stack frames")'>Click to show all stack frames</a>
<div class='stack-trace' id='stack-trace1497087391'><pre>java.lang.Throwable: Method FacebookTest_3.veirifyPrivacyPlicies()[pri:0, instance:testNGTest.FacebookTest_3@1700915] depends on not successfully finished methods
	at org.testng.internal.TestInvoker.invokeTestMethods(TestInvoker.java:102)
	at org.testng.internal.TestMethodWorker.invokeTestMethods(TestMethodWorker.java:146)
	at org.testng.internal.TestMethodWorker.run(TestMethodWorker.java:128)
	at java.base/java.util.concurrent.ThreadPoolExecutor.runWorker(ThreadPoolExecutor.java:1136)
	at java.base/java.util.concurrent.ThreadPoolExecutor$Worker.run(ThreadPoolExecutor.java:635)
	at java.base/java.lang.Thread.run(Thread.java:833)
</pre></div></td>
<td>0</td>
<td>testNGTest.FacebookTest_3@1700915</td></tr>
</table><p>
</body>
</html>