<?xml version="1.0" encoding="UTF-8"?>
<!-- Generated by org.testng.reporters.JUnitXMLReporter -->
<testsuite ignored="1" hostname="DESKTOP-SEKDPB4" failures="1" tests="2" name="ChromeTest(failed)" time="9.57" errors="0" timestamp="2023-02-09T19:41:29 IST">
  <testcase classname="testNGTest.FacebookTest_3" name="veirifyCookiesPolicies" time="5.913">
    <failure type="java.lang.AssertionError" message="null">
      <![CDATA[java.lang.AssertionError: null
at testNGTest.FacebookTest_3.veirifyCookiesPolicies(FacebookTest_3.java:107)
at java.base/java.util.concurrent.ThreadPoolExecutor.runWorker(ThreadPoolExecutor.java:1136)
at java.base/java.util.concurrent.ThreadPoolExecutor$Worker.run(ThreadPoolExecutor.java:635)
at java.base/java.lang.Thread.run(Thread.java:833)
... Removed 12 stack frames]]>
    </failure>
  </testcase> <!-- veirifyCookiesPolicies -->
  <testcase classname="testNGTest.FacebookTest_3" name="veirifyPrivacyPlicies" time="0.0">
    <skipped/>
  </testcase> <!-- veirifyPrivacyPlicies -->
  <testcase classname="testNGTest.FacebookTest_3" name="verifyTesrmLink" time="0.0">
    <ignored/>
  </testcase> <!-- verifyTesrmLink -->
</testsuite> <!-- ChromeTest(failed) -->
